Copyright 1986-2020 Xilinx, Inc. All Rights Reserved.
---------------------------------------------------------------------------------------------
| Tool Version : Vivado v.2020.1 (lin64) Build 2902540 Wed May 27 19:54:35 MDT 2020
| Date         : Sun Apr 27 12:27:11 2025
| Host         : sodir-HP-Laptop running 64-bit Ubuntu 24.04.2 LTS
| Command      : report_control_sets -verbose -file design_1_wrapper_control_sets_placed.rpt
| Design       : design_1_wrapper
| Device       : xc7z020
---------------------------------------------------------------------------------------------

Control Set Information

Table of Contents
-----------------
1. Summary
2. Histogram
3. Flip-Flop Distribution
4. Detailed Control Set Information

1. Summary
----------

+----------------------------------------------------------+-------+
|                          Status                          | Count |
+----------------------------------------------------------+-------+
| Total control sets                                       |    10 |
|    Minimum number of control sets                        |    10 |
|    Addition due to synthesis replication                 |     0 |
|    Addition due to physical synthesis replication        |     0 |
| Unused register locations in slices containing registers |    20 |
+----------------------------------------------------------+-------+
* Control sets can be merged at opt_design using control_set_merge or merge_equivalent_drivers
** Run report_qor_suggestions for automated merging and remapping suggestions


2. Histogram
------------

+--------------------+-------+
|       Fanout       | Count |
+--------------------+-------+
| Total control sets |    10 |
| >= 0 to < 4        |     1 |
| >= 4 to < 6        |     0 |
| >= 6 to < 8        |     0 |
| >= 8 to < 10       |     4 |
| >= 10 to < 12      |     0 |
| >= 12 to < 14      |     0 |
| >= 14 to < 16      |     0 |
| >= 16              |     5 |
+--------------------+-------+
* Control sets can be remapped at either synth_design or opt_design


3. Flip-Flop Distribution
-------------------------

+--------------+-----------------------+------------------------+-----------------+--------------+
| Clock Enable | Synchronous Set/Reset | Asynchronous Set/Reset | Total Registers | Total Slices |
+--------------+-----------------------+------------------------+-----------------+--------------+
| No           | No                    | No                     |               1 |            1 |
| No           | No                    | Yes                    |               0 |            0 |
| No           | Yes                   | No                     |            1651 |          461 |
| Yes          | No                    | No                     |               0 |            0 |
| Yes          | No                    | Yes                    |               0 |            0 |
| Yes          | Yes                   | No                     |            1576 |          312 |
+--------------+-----------------------+------------------------+-----------------+--------------+


4. Detailed Control Set Information
-----------------------------------

+-----------------+-----------------------------------------------------------------------------+--------------------------------------------+------------------+----------------+--------------+
|   Clock Signal  |                                Enable Signal                                |              Set/Reset Signal              | Slice Load Count | Bel Load Count | Bels / Slice |
+-----------------+-----------------------------------------------------------------------------+--------------------------------------------+------------------+----------------+--------------+
|  iClk_IBUF_BUFG |                                                                             |                                            |                1 |              1 |         1.00 |
|  iClk_IBUF_BUFG | design_1_i/uart_top_0/inst/UART_TX_INST/wTxData_Next                        | design_1_i/Debounce_Switch_0/inst/o_Switch |                2 |              8 |         4.00 |
|  iClk_IBUF_BUFG | design_1_i/uart_top_0/inst/UART_RX_INST/FSM_onehot_rFSM_Current_reg[4]_0[0] | design_1_i/Debounce_Switch_0/inst/o_Switch |                4 |              8 |         2.00 |
|  iClk_IBUF_BUFG | design_1_i/uart_top_0/inst/UART_RX_INST/wRxData_Next                        | design_1_i/Debounce_Switch_0/inst/o_Switch |                3 |              8 |         2.67 |
|  iClk_IBUF_BUFG | design_1_i/uart_top_0/inst/rTxByte                                          | design_1_i/Debounce_Switch_0/inst/o_Switch |                1 |              8 |         8.00 |
|  iClk_IBUF_BUFG |                                                                             | design_1_i/Debounce_Switch_0/inst/p_0_in   |                5 |             18 |         3.60 |
|  iClk_IBUF_BUFG | design_1_i/uart_top_0/inst/UART_RX_INST/E[0]                                | design_1_i/Debounce_Switch_0/inst/o_Switch |               83 |            512 |         6.17 |
|  iClk_IBUF_BUFG | design_1_i/uart_top_0/inst/UART_RX_INST/FSM_sequential_rFSM_reg[0]_9[0]     | design_1_i/Debounce_Switch_0/inst/o_Switch |               82 |            512 |         6.24 |
|  iClk_IBUF_BUFG | design_1_i/uart_top_0/inst/MP_ADDER_INST/E[0]                               | design_1_i/Debounce_Switch_0/inst/o_Switch |              137 |            520 |         3.80 |
|  iClk_IBUF_BUFG |                                                                             | design_1_i/Debounce_Switch_0/inst/o_Switch |              456 |           1633 |         3.58 |
+-----------------+-----------------------------------------------------------------------------+--------------------------------------------+------------------+----------------+--------------+


